<?xml version="1.0" encoding="UTF-8"?>
<testsuite name="com.kodilla.stream.array.ArrayOperationsTestSuite" tests="1" skipped="0" failures="0" errors="0" timestamp="2020-09-02T18:28:01" hostname="MJott.local" time="0.162">
  <properties/>
  <testcase name="getAverage" classname="com.kodilla.stream.array.ArrayOperationsTestSuite" time="0.162"/>
  <system-out><![CDATA[table[0] = 1
table[1] = 2
table[2] = 3
table[3] = 4
table[4] = 5
table[5] = 6
table[6] = 7
table[7] = 8
table[8] = 9
table[9] = 10
table[10] = 11
table[11] = 12
table[12] = 13
table[13] = 14
table[14] = 15
table[15] = 16
table[16] = 17
table[17] = 18
table[18] = 19
table[19] = 20
]]></system-out>
  <system-err><![CDATA[]]></system-err>
</testsuite>
