<?xml version="1.0" encoding="UTF-8"?>
<testsuite name="com.kodilla.KodillaCourseApplicationTests" tests="1" skipped="0" failures="0" errors="0" timestamp="2020-09-02T18:28:06" hostname="MJott.local" time="0.001">
  <properties/>
  <testcase name="contextLoads" classname="com.kodilla.KodillaCourseApplicationTests" time="0.001"/>
  <system-out><![CDATA[]]></system-out>
  <system-err><![CDATA[]]></system-err>
</testsuite>
