<?xml version="1.0" encoding="UTF-8"?>
<testsuite name="com.kodilla.hibernate.task.dao.TaskDaoTestSuite" tests="3" skipped="0" failures="0" errors="0" timestamp="2020-09-06T12:00:03" hostname="MJott.local" time="0.117">
  <properties/>
  <testcase name="testTaskDaoFindByDuration" classname="com.kodilla.hibernate.task.dao.TaskDaoTestSuite" time="0.04"/>
  <testcase name="testTaskDaoSave" classname="com.kodilla.hibernate.task.dao.TaskDaoTestSuite" time="0.03"/>
  <testcase name="testTaskDaoSaveWithFinancialDetails" classname="com.kodilla.hibernate.task.dao.TaskDaoTestSuite" time="0.044"/>
  <system-out><![CDATA[2020-09-06 14:00:03.391  INFO 5762 --- [    Test worker] .b.t.c.SpringBootTestContextBootstrapper : Neither @ContextConfiguration nor @ContextHierarchy found for test class [com.kodilla.hibernate.task.dao.TaskDaoTestSuite], using SpringBootContextLoader
2020-09-06 14:00:03.393  INFO 5762 --- [    Test worker] o.s.t.c.support.AbstractContextLoader    : Could not detect default resource locations for test class [com.kodilla.hibernate.task.dao.TaskDaoTestSuite]: no resource found for suffixes {-context.xml, Context.groovy}.
2020-09-06 14:00:03.395  INFO 5762 --- [    Test worker] t.c.s.AnnotationConfigContextLoaderUtils : Could not detect default configuration classes for test class [com.kodilla.hibernate.task.dao.TaskDaoTestSuite]: TaskDaoTestSuite does not declare any static, non-private, non-final, nested classes annotated with @Configuration.
2020-09-06 14:00:03.406  INFO 5762 --- [    Test worker] .b.t.c.SpringBootTestContextBootstrapper : Found @SpringBootConfiguration com.kodilla.hibernate.KodillaHibernateApplication for test class com.kodilla.hibernate.task.dao.TaskDaoTestSuite
2020-09-06 14:00:03.413  INFO 5762 --- [    Test worker] .b.t.c.SpringBootTestContextBootstrapper : Loaded default TestExecutionListener class names from location [META-INF/spring.factories]: [org.springframework.boot.test.autoconfigure.restdocs.RestDocsTestExecutionListener, org.springframework.boot.test.autoconfigure.web.client.MockRestServiceServerResetTestExecutionListener, org.springframework.boot.test.autoconfigure.web.servlet.MockMvcPrintOnlyOnFailureTestExecutionListener, org.springframework.boot.test.autoconfigure.web.servlet.WebDriverTestExecutionListener, org.springframework.boot.test.mock.mockito.MockitoTestExecutionListener, org.springframework.boot.test.mock.mockito.ResetMocksTestExecutionListener, org.springframework.test.context.web.ServletTestExecutionListener, org.springframework.test.context.support.DirtiesContextBeforeModesTestExecutionListener, org.springframework.test.context.support.DependencyInjectionTestExecutionListener, org.springframework.test.context.support.DirtiesContextTestExecutionListener, org.springframework.test.context.transaction.TransactionalTestExecutionListener, org.springframework.test.context.jdbc.SqlScriptsTestExecutionListener, org.springframework.test.context.event.EventPublishingTestExecutionListener]
2020-09-06 14:00:03.415  INFO 5762 --- [    Test worker] .b.t.c.SpringBootTestContextBootstrapper : Using TestExecutionListeners: [org.springframework.test.context.support.DirtiesContextBeforeModesTestExecutionListener@3cb2b444, org.springframework.boot.test.mock.mockito.MockitoTestExecutionListener@b6ce91a, org.springframework.boot.test.autoconfigure.SpringBootDependencyInjectionTestExecutionListener@7e4db953, org.springframework.test.context.support.DirtiesContextTestExecutionListener@4bbdba1a, org.springframework.test.context.transaction.TransactionalTestExecutionListener@620437bd, org.springframework.test.context.jdbc.SqlScriptsTestExecutionListener@e4c36de, org.springframework.test.context.event.EventPublishingTestExecutionListener@1dd88165, org.springframework.boot.test.autoconfigure.restdocs.RestDocsTestExecutionListener@3b1395ae, org.springframework.boot.test.autoconfigure.web.client.MockRestServiceServerResetTestExecutionListener@7869f4ae, org.springframework.boot.test.autoconfigure.web.servlet.MockMvcPrintOnlyOnFailureTestExecutionListener@177cd7bb, org.springframework.boot.test.autoconfigure.web.servlet.WebDriverTestExecutionListener@4ef6af98, org.springframework.boot.test.mock.mockito.ResetMocksTestExecutionListener@69effd0d]
Hibernate: select next_val as id_val from hibernate_sequence for update
Hibernate: update hibernate_sequence set next_val= ? where next_val=?
Hibernate: insert into tasks (created, description, duration, tasks_financials_id, tasklist_id, id) values (?, ?, ?, ?, ?, ?)
Hibernate: select task0_.id as id1_6_, task0_.created as created2_6_, task0_.description as descript3_6_, task0_.duration as duration4_6_, task0_.tasks_financials_id as tasks_fi5_6_, task0_.tasklist_id as tasklist6_6_ from tasks task0_ where task0_.duration=?
Hibernate: select task0_.id as id1_6_0_, task0_.created as created2_6_0_, task0_.description as descript3_6_0_, task0_.duration as duration4_6_0_, task0_.tasks_financials_id as tasks_fi5_6_0_, task0_.tasklist_id as tasklist6_6_0_, taskfinanc1_.id as id1_7_1_, taskfinanc1_.paid as paid2_7_1_, taskfinanc1_.price as price3_7_1_, tasklist2_.id as id1_8_2_, tasklist2_.description as descript2_8_2_, tasklist2_.listname as listname3_8_2_ from tasks task0_ left outer join tasks_financials taskfinanc1_ on task0_.tasks_financials_id=taskfinanc1_.id left outer join taskslists tasklist2_ on task0_.tasklist_id=tasklist2_.id where task0_.id=?
Hibernate: delete from tasks where id=?
Hibernate: select next_val as id_val from hibernate_sequence for update
Hibernate: update hibernate_sequence set next_val= ? where next_val=?
Hibernate: insert into tasks (created, description, duration, tasks_financials_id, tasklist_id, id) values (?, ?, ?, ?, ?, ?)
Hibernate: select task0_.id as id1_6_0_, task0_.created as created2_6_0_, task0_.description as descript3_6_0_, task0_.duration as duration4_6_0_, task0_.tasks_financials_id as tasks_fi5_6_0_, task0_.tasklist_id as tasklist6_6_0_, taskfinanc1_.id as id1_7_1_, taskfinanc1_.paid as paid2_7_1_, taskfinanc1_.price as price3_7_1_, tasklist2_.id as id1_8_2_, tasklist2_.description as descript2_8_2_, tasklist2_.listname as listname3_8_2_ from tasks task0_ left outer join tasks_financials taskfinanc1_ on task0_.tasks_financials_id=taskfinanc1_.id left outer join taskslists tasklist2_ on task0_.tasklist_id=tasklist2_.id where task0_.id=?
Hibernate: select task0_.id as id1_6_0_, task0_.created as created2_6_0_, task0_.description as descript3_6_0_, task0_.duration as duration4_6_0_, task0_.tasks_financials_id as tasks_fi5_6_0_, task0_.tasklist_id as tasklist6_6_0_, taskfinanc1_.id as id1_7_1_, taskfinanc1_.paid as paid2_7_1_, taskfinanc1_.price as price3_7_1_, tasklist2_.id as id1_8_2_, tasklist2_.description as descript2_8_2_, tasklist2_.listname as listname3_8_2_ from tasks task0_ left outer join tasks_financials taskfinanc1_ on task0_.tasks_financials_id=taskfinanc1_.id left outer join taskslists tasklist2_ on task0_.tasklist_id=tasklist2_.id where task0_.id=?
Hibernate: delete from tasks where id=?
Hibernate: select next_val as id_val from hibernate_sequence for update
Hibernate: update hibernate_sequence set next_val= ? where next_val=?
Hibernate: select next_val as id_val from hibernate_sequence for update
Hibernate: update hibernate_sequence set next_val= ? where next_val=?
Hibernate: insert into tasks_financials (paid, price, id) values (?, ?, ?)
Hibernate: insert into tasks (created, description, duration, tasks_financials_id, tasklist_id, id) values (?, ?, ?, ?, ?, ?)
Hibernate: select task0_.id as id1_6_0_, task0_.created as created2_6_0_, task0_.description as descript3_6_0_, task0_.duration as duration4_6_0_, task0_.tasks_financials_id as tasks_fi5_6_0_, task0_.tasklist_id as tasklist6_6_0_, taskfinanc1_.id as id1_7_1_, taskfinanc1_.paid as paid2_7_1_, taskfinanc1_.price as price3_7_1_, tasklist2_.id as id1_8_2_, tasklist2_.description as descript2_8_2_, tasklist2_.listname as listname3_8_2_ from tasks task0_ left outer join tasks_financials taskfinanc1_ on task0_.tasks_financials_id=taskfinanc1_.id left outer join taskslists tasklist2_ on task0_.tasklist_id=tasklist2_.id where task0_.id=?
Hibernate: delete from tasks where id=?
Hibernate: delete from tasks_financials where id=?
]]></system-out>
  <system-err><![CDATA[]]></system-err>
</testsuite>
