<?xml version="1.0" encoding="UTF-8"?>
<testsuite name="com.kodilla.hibernate.KodillaHibernateApplicationTests" tests="1" skipped="0" failures="0" errors="0" timestamp="2020-09-06T12:00:02" hostname="MJott.local" time="0.004">
  <properties/>
  <testcase name="contextLoads" classname="com.kodilla.hibernate.KodillaHibernateApplicationTests" time="0.004"/>
  <system-out><![CDATA[2020-09-06 14:00:02.932  INFO 5762 --- [    Test worker] .b.t.c.SpringBootTestContextBootstrapper : Neither @ContextConfiguration nor @ContextHierarchy found for test class [com.kodilla.hibernate.KodillaHibernateApplicationTests], using SpringBootContextLoader
2020-09-06 14:00:02.933  INFO 5762 --- [    Test worker] o.s.t.c.support.AbstractContextLoader    : Could not detect default resource locations for test class [com.kodilla.hibernate.KodillaHibernateApplicationTests]: no resource found for suffixes {-context.xml, Context.groovy}.
2020-09-06 14:00:02.933  INFO 5762 --- [    Test worker] t.c.s.AnnotationConfigContextLoaderUtils : Could not detect default configuration classes for test class [com.kodilla.hibernate.KodillaHibernateApplicationTests]: KodillaHibernateApplicationTests does not declare any static, non-private, non-final, nested classes annotated with @Configuration.
2020-09-06 14:00:02.940  INFO 5762 --- [    Test worker] .b.t.c.SpringBootTestContextBootstrapper : Found @SpringBootConfiguration com.kodilla.hibernate.KodillaHibernateApplication for test class com.kodilla.hibernate.KodillaHibernateApplicationTests
2020-09-06 14:00:02.944  INFO 5762 --- [    Test worker] .b.t.c.SpringBootTestContextBootstrapper : Loaded default TestExecutionListener class names from location [META-INF/spring.factories]: [org.springframework.boot.test.autoconfigure.restdocs.RestDocsTestExecutionListener, org.springframework.boot.test.autoconfigure.web.client.MockRestServiceServerResetTestExecutionListener, org.springframework.boot.test.autoconfigure.web.servlet.MockMvcPrintOnlyOnFailureTestExecutionListener, org.springframework.boot.test.autoconfigure.web.servlet.WebDriverTestExecutionListener, org.springframework.boot.test.mock.mockito.MockitoTestExecutionListener, org.springframework.boot.test.mock.mockito.ResetMocksTestExecutionListener, org.springframework.test.context.web.ServletTestExecutionListener, org.springframework.test.context.support.DirtiesContextBeforeModesTestExecutionListener, org.springframework.test.context.support.DependencyInjectionTestExecutionListener, org.springframework.test.context.support.DirtiesContextTestExecutionListener, org.springframework.test.context.transaction.TransactionalTestExecutionListener, org.springframework.test.context.jdbc.SqlScriptsTestExecutionListener, org.springframework.test.context.event.EventPublishingTestExecutionListener]
2020-09-06 14:00:02.945  INFO 5762 --- [    Test worker] .b.t.c.SpringBootTestContextBootstrapper : Using TestExecutionListeners: [org.springframework.test.context.support.DirtiesContextBeforeModesTestExecutionListener@3970238b, org.springframework.boot.test.mock.mockito.MockitoTestExecutionListener@64243a3f, org.springframework.boot.test.autoconfigure.SpringBootDependencyInjectionTestExecutionListener@29e21ad2, org.springframework.test.context.support.DirtiesContextTestExecutionListener@7602ed36, org.springframework.test.context.transaction.TransactionalTestExecutionListener@4e56e406, org.springframework.test.context.jdbc.SqlScriptsTestExecutionListener@b66ca31, org.springframework.test.context.event.EventPublishingTestExecutionListener@326b7505, org.springframework.boot.test.autoconfigure.restdocs.RestDocsTestExecutionListener@53e14523, org.springframework.boot.test.autoconfigure.web.client.MockRestServiceServerResetTestExecutionListener@2aeefd8d, org.springframework.boot.test.autoconfigure.web.servlet.MockMvcPrintOnlyOnFailureTestExecutionListener@17e49da3, org.springframework.boot.test.autoconfigure.web.servlet.WebDriverTestExecutionListener@7e4e1107, org.springframework.boot.test.mock.mockito.ResetMocksTestExecutionListener@275f9bb0]
]]></system-out>
  <system-err><![CDATA[]]></system-err>
</testsuite>
