<?xml version="1.0" encoding="UTF-8"?>
<testsuite name="com.kodilla.patterns.singleton.LoggerTestSuite" tests="1" skipped="0" failures="0" errors="0" timestamp="2020-05-18T18:19:50" hostname="MJott.local" time="0.0">
  <properties/>
  <testcase name="getLastLogTest" classname="com.kodilla.patterns.singleton.LoggerTestSuite" time="0.0"/>
  <system-out><![CDATA[Log: [DziÅ› mamy czwartek]
]]></system-out>
  <system-err><![CDATA[]]></system-err>
</testsuite>
