<?xml version="1.0" encoding="UTF-8"?>
<testsuite name="com.kodilla.patterns.prototype.library.LibraryTestSuite" tests="2" skipped="0" failures="0" errors="0" timestamp="2020-05-01T12:29:54" hostname="MJott.local" time="0.031">
  <properties/>
  <testcase name="testGetBookDeepCopy" classname="com.kodilla.patterns.prototype.library.LibraryTestSuite" time="0.027"/>
  <testcase name="testGetBookShallowCopy" classname="com.kodilla.patterns.prototype.library.LibraryTestSuite" time="0.001"/>
  <system-out><![CDATA[Test Deep Copy:
Origin library size 5
Origin library size , after removed book from copied library : 5
Test Swallow Copy :
Origin library size 5
Origin library size , after removed book from copied library : 4
]]></system-out>
  <system-err><![CDATA[]]></system-err>
</testsuite>
