<?xml version="1.0" encoding="UTF-8"?>
<testsuite name="com.kodilla.patterns2.KodillaPatterns2ApplicationTests" tests="1" skipped="0" failures="0" errors="0" timestamp="2020-09-06T12:00:12" hostname="MJott.local" time="0.004">
  <properties/>
  <testcase name="contextLoads()" classname="com.kodilla.patterns2.KodillaPatterns2ApplicationTests" time="0.004"/>
  <system-out><![CDATA[2020-09-06 14:00:12.299  INFO 5778 --- [    Test worker] .b.t.c.SpringBootTestContextBootstrapper : Neither @ContextConfiguration nor @ContextHierarchy found for test class [com.kodilla.patterns2.KodillaPatterns2ApplicationTests], using SpringBootContextLoader
2020-09-06 14:00:12.300  INFO 5778 --- [    Test worker] o.s.t.c.support.AbstractContextLoader    : Could not detect default resource locations for test class [com.kodilla.patterns2.KodillaPatterns2ApplicationTests]: no resource found for suffixes {-context.xml, Context.groovy}.
2020-09-06 14:00:12.301  INFO 5778 --- [    Test worker] t.c.s.AnnotationConfigContextLoaderUtils : Could not detect default configuration classes for test class [com.kodilla.patterns2.KodillaPatterns2ApplicationTests]: KodillaPatterns2ApplicationTests does not declare any static, non-private, non-final, nested classes annotated with @Configuration.
2020-09-06 14:00:12.308  INFO 5778 --- [    Test worker] .b.t.c.SpringBootTestContextBootstrapper : Found @SpringBootConfiguration com.kodilla.patterns2.KodillaPatterns2Application for test class com.kodilla.patterns2.KodillaPatterns2ApplicationTests
2020-09-06 14:00:12.313  INFO 5778 --- [    Test worker] .b.t.c.SpringBootTestContextBootstrapper : Loaded default TestExecutionListener class names from location [META-INF/spring.factories]: [org.springframework.boot.test.autoconfigure.restdocs.RestDocsTestExecutionListener, org.springframework.boot.test.autoconfigure.web.client.MockRestServiceServerResetTestExecutionListener, org.springframework.boot.test.autoconfigure.web.servlet.MockMvcPrintOnlyOnFailureTestExecutionListener, org.springframework.boot.test.autoconfigure.web.servlet.WebDriverTestExecutionListener, org.springframework.boot.test.autoconfigure.webservices.client.MockWebServiceServerTestExecutionListener, org.springframework.boot.test.mock.mockito.MockitoTestExecutionListener, org.springframework.boot.test.mock.mockito.ResetMocksTestExecutionListener, org.springframework.test.context.web.ServletTestExecutionListener, org.springframework.test.context.support.DirtiesContextBeforeModesTestExecutionListener, org.springframework.test.context.support.DependencyInjectionTestExecutionListener, org.springframework.test.context.support.DirtiesContextTestExecutionListener, org.springframework.test.context.transaction.TransactionalTestExecutionListener, org.springframework.test.context.jdbc.SqlScriptsTestExecutionListener, org.springframework.test.context.event.EventPublishingTestExecutionListener]
2020-09-06 14:00:12.316  INFO 5778 --- [    Test worker] .b.t.c.SpringBootTestContextBootstrapper : Using TestExecutionListeners: [org.springframework.test.context.support.DirtiesContextBeforeModesTestExecutionListener@17bd9816, org.springframework.boot.test.mock.mockito.MockitoTestExecutionListener@146ae1ac, org.springframework.boot.test.autoconfigure.SpringBootDependencyInjectionTestExecutionListener@155e6166, org.springframework.test.context.support.DirtiesContextTestExecutionListener@664e62da, org.springframework.test.context.event.EventPublishingTestExecutionListener@1d483b2d, org.springframework.boot.test.autoconfigure.restdocs.RestDocsTestExecutionListener@5e6cdea9, org.springframework.boot.test.autoconfigure.web.client.MockRestServiceServerResetTestExecutionListener@385fd153, org.springframework.boot.test.autoconfigure.web.servlet.MockMvcPrintOnlyOnFailureTestExecutionListener@2d123c30, org.springframework.boot.test.autoconfigure.web.servlet.WebDriverTestExecutionListener@71dffbec, org.springframework.boot.test.autoconfigure.webservices.client.MockWebServiceServerTestExecutionListener@497efae8, org.springframework.boot.test.mock.mockito.ResetMocksTestExecutionListener@f6d6fdd]
]]></system-out>
  <system-err><![CDATA[]]></system-err>
</testsuite>
