<?xml version="1.0" encoding="UTF-8"?>
<testsuite name="com.kodilla.patterns2.KodillaPatterns2ApplicationTests" tests="1" skipped="0" failures="0" errors="0" timestamp="2020-09-07T16:47:55" hostname="MJott.local" time="0.017">
  <properties/>
  <testcase name="contextLoads()" classname="com.kodilla.patterns2.KodillaPatterns2ApplicationTests" time="0.017"/>
  <system-out><![CDATA[2020-09-07 18:47:55.782  INFO 8855 --- [    Test worker] .b.t.c.SpringBootTestContextBootstrapper : Neither @ContextConfiguration nor @ContextHierarchy found for test class [com.kodilla.patterns2.KodillaPatterns2ApplicationTests], using SpringBootContextLoader
2020-09-07 18:47:55.783  INFO 8855 --- [    Test worker] o.s.t.c.support.AbstractContextLoader    : Could not detect default resource locations for test class [com.kodilla.patterns2.KodillaPatterns2ApplicationTests]: no resource found for suffixes {-context.xml, Context.groovy}.
2020-09-07 18:47:55.784  INFO 8855 --- [    Test worker] t.c.s.AnnotationConfigContextLoaderUtils : Could not detect default configuration classes for test class [com.kodilla.patterns2.KodillaPatterns2ApplicationTests]: KodillaPatterns2ApplicationTests does not declare any static, non-private, non-final, nested classes annotated with @Configuration.
2020-09-07 18:47:55.792  INFO 8855 --- [    Test worker] .b.t.c.SpringBootTestContextBootstrapper : Found @SpringBootConfiguration com.kodilla.patterns2.KodillaPatterns2Application for test class com.kodilla.patterns2.KodillaPatterns2ApplicationTests
2020-09-07 18:47:55.798  INFO 8855 --- [    Test worker] .b.t.c.SpringBootTestContextBootstrapper : Loaded default TestExecutionListener class names from location [META-INF/spring.factories]: [org.springframework.boot.test.autoconfigure.restdocs.RestDocsTestExecutionListener, org.springframework.boot.test.autoconfigure.web.client.MockRestServiceServerResetTestExecutionListener, org.springframework.boot.test.autoconfigure.web.servlet.MockMvcPrintOnlyOnFailureTestExecutionListener, org.springframework.boot.test.autoconfigure.web.servlet.WebDriverTestExecutionListener, org.springframework.boot.test.autoconfigure.webservices.client.MockWebServiceServerTestExecutionListener, org.springframework.boot.test.mock.mockito.MockitoTestExecutionListener, org.springframework.boot.test.mock.mockito.ResetMocksTestExecutionListener, org.springframework.test.context.web.ServletTestExecutionListener, org.springframework.test.context.support.DirtiesContextBeforeModesTestExecutionListener, org.springframework.test.context.support.DependencyInjectionTestExecutionListener, org.springframework.test.context.support.DirtiesContextTestExecutionListener, org.springframework.test.context.transaction.TransactionalTestExecutionListener, org.springframework.test.context.jdbc.SqlScriptsTestExecutionListener, org.springframework.test.context.event.EventPublishingTestExecutionListener]
2020-09-07 18:47:55.801  INFO 8855 --- [    Test worker] .b.t.c.SpringBootTestContextBootstrapper : Using TestExecutionListeners: [org.springframework.test.context.support.DirtiesContextBeforeModesTestExecutionListener@78b635e9, org.springframework.boot.test.mock.mockito.MockitoTestExecutionListener@2e8aa23e, org.springframework.boot.test.autoconfigure.SpringBootDependencyInjectionTestExecutionListener@20831f00, org.springframework.test.context.support.DirtiesContextTestExecutionListener@5d9c1f80, org.springframework.test.context.event.EventPublishingTestExecutionListener@144c60a7, org.springframework.boot.test.autoconfigure.restdocs.RestDocsTestExecutionListener@6f2cab42, org.springframework.boot.test.autoconfigure.web.client.MockRestServiceServerResetTestExecutionListener@576fd2b8, org.springframework.boot.test.autoconfigure.web.servlet.MockMvcPrintOnlyOnFailureTestExecutionListener@6a32b7ca, org.springframework.boot.test.autoconfigure.web.servlet.WebDriverTestExecutionListener@1d0cbb73, org.springframework.boot.test.autoconfigure.webservices.client.MockWebServiceServerTestExecutionListener@17f0652b, org.springframework.boot.test.mock.mockito.ResetMocksTestExecutionListener@3ea38f7f]
]]></system-out>
  <system-err><![CDATA[]]></system-err>
</testsuite>
