<?xml version="1.0" encoding="UTF-8"?>
<testsuite name="com.kodilla.patterns2.KodillaPatterns2ApplicationTests" tests="1" skipped="0" failures="0" errors="0" timestamp="2020-09-08T15:33:43" hostname="MJott.local" time="0.004">
  <properties/>
  <testcase name="contextLoads()" classname="com.kodilla.patterns2.KodillaPatterns2ApplicationTests" time="0.004"/>
  <system-out><![CDATA[2020-09-08 17:33:43.424  INFO 12458 --- [    Test worker] .b.t.c.SpringBootTestContextBootstrapper : Neither @ContextConfiguration nor @ContextHierarchy found for test class [com.kodilla.patterns2.KodillaPatterns2ApplicationTests], using SpringBootContextLoader
2020-09-08 17:33:43.425  INFO 12458 --- [    Test worker] o.s.t.c.support.AbstractContextLoader    : Could not detect default resource locations for test class [com.kodilla.patterns2.KodillaPatterns2ApplicationTests]: no resource found for suffixes {-context.xml, Context.groovy}.
2020-09-08 17:33:43.425  INFO 12458 --- [    Test worker] t.c.s.AnnotationConfigContextLoaderUtils : Could not detect default configuration classes for test class [com.kodilla.patterns2.KodillaPatterns2ApplicationTests]: KodillaPatterns2ApplicationTests does not declare any static, non-private, non-final, nested classes annotated with @Configuration.
2020-09-08 17:33:43.431  INFO 12458 --- [    Test worker] .b.t.c.SpringBootTestContextBootstrapper : Found @SpringBootConfiguration com.kodilla.patterns2.KodillaPatterns2Application for test class com.kodilla.patterns2.KodillaPatterns2ApplicationTests
2020-09-08 17:33:43.433  INFO 12458 --- [    Test worker] .b.t.c.SpringBootTestContextBootstrapper : Loaded default TestExecutionListener class names from location [META-INF/spring.factories]: [org.springframework.boot.test.autoconfigure.restdocs.RestDocsTestExecutionListener, org.springframework.boot.test.autoconfigure.web.client.MockRestServiceServerResetTestExecutionListener, org.springframework.boot.test.autoconfigure.web.servlet.MockMvcPrintOnlyOnFailureTestExecutionListener, org.springframework.boot.test.autoconfigure.web.servlet.WebDriverTestExecutionListener, org.springframework.boot.test.autoconfigure.webservices.client.MockWebServiceServerTestExecutionListener, org.springframework.boot.test.mock.mockito.MockitoTestExecutionListener, org.springframework.boot.test.mock.mockito.ResetMocksTestExecutionListener, org.springframework.test.context.web.ServletTestExecutionListener, org.springframework.test.context.support.DirtiesContextBeforeModesTestExecutionListener, org.springframework.test.context.support.DependencyInjectionTestExecutionListener, org.springframework.test.context.support.DirtiesContextTestExecutionListener, org.springframework.test.context.transaction.TransactionalTestExecutionListener, org.springframework.test.context.jdbc.SqlScriptsTestExecutionListener, org.springframework.test.context.event.EventPublishingTestExecutionListener]
2020-09-08 17:33:43.435  INFO 12458 --- [    Test worker] .b.t.c.SpringBootTestContextBootstrapper : Using TestExecutionListeners: [org.springframework.test.context.support.DirtiesContextBeforeModesTestExecutionListener@798ac820, org.springframework.boot.test.mock.mockito.MockitoTestExecutionListener@8e9afb7, org.springframework.boot.test.autoconfigure.SpringBootDependencyInjectionTestExecutionListener@5d372741, org.springframework.test.context.support.DirtiesContextTestExecutionListener@2e5690e5, org.springframework.test.context.event.EventPublishingTestExecutionListener@1b286c7, org.springframework.boot.test.autoconfigure.restdocs.RestDocsTestExecutionListener@44631551, org.springframework.boot.test.autoconfigure.web.client.MockRestServiceServerResetTestExecutionListener@200a2fb3, org.springframework.boot.test.autoconfigure.web.servlet.MockMvcPrintOnlyOnFailureTestExecutionListener@3ac152ef, org.springframework.boot.test.autoconfigure.web.servlet.WebDriverTestExecutionListener@2f507fce, org.springframework.boot.test.autoconfigure.webservices.client.MockWebServiceServerTestExecutionListener@73453ee8, org.springframework.boot.test.mock.mockito.ResetMocksTestExecutionListener@2c3f084]
]]></system-out>
  <system-err><![CDATA[]]></system-err>
</testsuite>
