<?xml version="1.0" encoding="UTF-8"?>
<testsuite name="com.kodilla.patterns2.aop.calculator.CalculatorTestSuite" tests="5" skipped="0" failures="0" errors="0" timestamp="2020-09-08T15:33:43" hostname="MJott.local" time="0.076">
  <properties/>
  <testcase name="testAdd()" classname="com.kodilla.patterns2.aop.calculator.CalculatorTestSuite" time="0.021"/>
  <testcase name="testDiv()" classname="com.kodilla.patterns2.aop.calculator.CalculatorTestSuite" time="0.007"/>
  <testcase name="testMul()" classname="com.kodilla.patterns2.aop.calculator.CalculatorTestSuite" time="0.006"/>
  <testcase name="testSub()" classname="com.kodilla.patterns2.aop.calculator.CalculatorTestSuite" time="0.004"/>
  <testcase name="testFactorial()" classname="com.kodilla.patterns2.aop.calculator.CalculatorTestSuite" time="0.028"/>
  <system-out><![CDATA[2020-09-08 17:33:43.445  INFO 12458 --- [    Test worker] .b.t.c.SpringBootTestContextBootstrapper : Neither @ContextConfiguration nor @ContextHierarchy found for test class [com.kodilla.patterns2.aop.calculator.CalculatorTestSuite], using SpringBootContextLoader
2020-09-08 17:33:43.447  INFO 12458 --- [    Test worker] o.s.t.c.support.AbstractContextLoader    : Could not detect default resource locations for test class [com.kodilla.patterns2.aop.calculator.CalculatorTestSuite]: no resource found for suffixes {-context.xml, Context.groovy}.
2020-09-08 17:33:43.447  INFO 12458 --- [    Test worker] t.c.s.AnnotationConfigContextLoaderUtils : Could not detect default configuration classes for test class [com.kodilla.patterns2.aop.calculator.CalculatorTestSuite]: CalculatorTestSuite does not declare any static, non-private, non-final, nested classes annotated with @Configuration.
2020-09-08 17:33:43.459  INFO 12458 --- [    Test worker] .b.t.c.SpringBootTestContextBootstrapper : Found @SpringBootConfiguration com.kodilla.patterns2.KodillaPatterns2Application for test class com.kodilla.patterns2.aop.calculator.CalculatorTestSuite
2020-09-08 17:33:43.462  INFO 12458 --- [    Test worker] .b.t.c.SpringBootTestContextBootstrapper : Loaded default TestExecutionListener class names from location [META-INF/spring.factories]: [org.springframework.boot.test.autoconfigure.restdocs.RestDocsTestExecutionListener, org.springframework.boot.test.autoconfigure.web.client.MockRestServiceServerResetTestExecutionListener, org.springframework.boot.test.autoconfigure.web.servlet.MockMvcPrintOnlyOnFailureTestExecutionListener, org.springframework.boot.test.autoconfigure.web.servlet.WebDriverTestExecutionListener, org.springframework.boot.test.autoconfigure.webservices.client.MockWebServiceServerTestExecutionListener, org.springframework.boot.test.mock.mockito.MockitoTestExecutionListener, org.springframework.boot.test.mock.mockito.ResetMocksTestExecutionListener, org.springframework.test.context.web.ServletTestExecutionListener, org.springframework.test.context.support.DirtiesContextBeforeModesTestExecutionListener, org.springframework.test.context.support.DependencyInjectionTestExecutionListener, org.springframework.test.context.support.DirtiesContextTestExecutionListener, org.springframework.test.context.transaction.TransactionalTestExecutionListener, org.springframework.test.context.jdbc.SqlScriptsTestExecutionListener, org.springframework.test.context.event.EventPublishingTestExecutionListener]
2020-09-08 17:33:43.464  INFO 12458 --- [    Test worker] .b.t.c.SpringBootTestContextBootstrapper : Using TestExecutionListeners: [org.springframework.test.context.support.DirtiesContextBeforeModesTestExecutionListener@444ff4de, org.springframework.boot.test.mock.mockito.MockitoTestExecutionListener@59956b03, org.springframework.boot.test.autoconfigure.SpringBootDependencyInjectionTestExecutionListener@474ee17c, org.springframework.test.context.support.DirtiesContextTestExecutionListener@601259d2, org.springframework.test.context.event.EventPublishingTestExecutionListener@5bc0a80a, org.springframework.boot.test.autoconfigure.restdocs.RestDocsTestExecutionListener@297f0d02, org.springframework.boot.test.autoconfigure.web.client.MockRestServiceServerResetTestExecutionListener@198a5c50, org.springframework.boot.test.autoconfigure.web.servlet.MockMvcPrintOnlyOnFailureTestExecutionListener@6b244a7a, org.springframework.boot.test.autoconfigure.web.servlet.WebDriverTestExecutionListener@357a3fec, org.springframework.boot.test.autoconfigure.webservices.client.MockWebServiceServerTestExecutionListener@643c235c, org.springframework.boot.test.mock.mockito.ResetMocksTestExecutionListener@2f1f8b57]
2020-09-08 17:33:43.484  INFO 12458 --- [    Test worker] c.k.p.a.calculator.CalculatorTestSuite   : Testing add method
2020-09-08 17:33:43.495  INFO 12458 --- [    Test worker] c.k.p.a.calculator.CalculatorTestSuite   : Testing div method
2020-09-08 17:33:43.505  INFO 12458 --- [    Test worker] c.k.p.a.calculator.CalculatorTestSuite   : Testing mul method
2020-09-08 17:33:43.511  INFO 12458 --- [    Test worker] c.k.p.a.calculator.CalculatorTestSuite   : Testing sub method
2020-09-08 17:33:43.523  INFO 12458 --- [    Test worker] c.k.patterns2.aop.calculator.Watcher     : Class: com.kodilla.patterns2.aop.calculator.Calculator, Args: 1000
2020-09-08 17:33:43.529  INFO 12458 --- [    Test worker] c.k.patterns2.aop.calculator.Watcher     : Time consumed: 11 [ms]
2020-09-08 17:33:43.530  INFO 12458 --- [    Test worker] c.k.p.a.calculator.CalculatorTestSuite   : Testing factorial method
402387260077093773543702433923003985719374864210714632543799910429938512398629020592044208486969404800479988610197196058631666872994808558901323829669944590997424504087073759918823627727188732519779505950995276120874975462497043601418278094646496291056393887437886487337119181045825783647849977012476632889835955735432513185323958463075557409114262417474349347553428646576611667797396668820291207379143853719588249808126867838374559731746136085379534524221586593201928090878297308431392844403281231558611036976801357304216168747609675871348312025478589320767169132448426236131412508780208000261683151027341827977704784635868170164365024153691398281264810213092761244896359928705114964975419909342221566832572080821333186116811553615836546984046708975602900950537616475847728421889679646244945160765353408198901385442487984959953319101723355556602139450399736280750137837615307127761926849034352625200015888535147331611702103968175921510907788019393178114194545257223865541461062892187960223838971476088506276862967146674697562911234082439208160153780889893964518263243671616762179168909779911903754031274622289988005195444414282012187361745992642956581746628302955570299024324153181617210465832036786906117260158783520751516284225540265170483304226143974286933061690897968482590125458327168226458066526769958652682272807075781391858178889652208164348344825993266043367660176999612831860788386150279465955131156552036093988180612138558600301435694527224206344631797460594682573103790084024432438465657245014402821885252470935190620929023136493273497565513958720559654228749774011413346962715422845862377387538230483865688976461927383814900140767310446640259899490222221765904339901886018566526485061799702356193897017860040811889729918311021171229845901641921068884387121855646124960798722908519296819372388642614839657382291123125024186649353143970137428531926649875337218940694281434118520158014123344828015051399694290153483077644569099073152433278288269864602789864321139083506217095002597389863554277196742822248757586765752344220207573630569498825087968928162753848863396909959826280956121450994871701244516461260379029309120889086942028510640182154399457156805941872748998094254742173582401063677404595741785160829230135358081840096996372524230560855903700624271243416909004153690105933983835777939410970027753472000000000000000000000000000000000000000000000000000000000000000000000000000000000000000000000000000000000000000000000000000000000000000000000000000000000000000000000000000000000000000000000000000000000000000000000000000000000000000000000000000000000
]]></system-out>
  <system-err><![CDATA[]]></system-err>
</testsuite>
