<?xml version="1.0" encoding="UTF-8"?>
<testsuite name="com.kodilla.patterns2.facade.ShopServiceTestSuiteTest" tests="2" skipped="0" failures="0" errors="0" timestamp="2020-09-08T15:33:42" hostname="MJott.local" time="0.945">
  <properties/>
  <testcase name="testShopServiceSubmitOrder()" classname="com.kodilla.patterns2.facade.ShopServiceTestSuiteTest" time="0.919"/>
  <testcase name="testShopFacade()" classname="com.kodilla.patterns2.facade.ShopServiceTestSuiteTest" time="0.024"/>
  <system-out><![CDATA[17:33:40.212 [Test worker] DEBUG org.springframework.test.context.BootstrapUtils - Instantiating CacheAwareContextLoaderDelegate from class [org.springframework.test.context.cache.DefaultCacheAwareContextLoaderDelegate]
17:33:40.231 [Test worker] DEBUG org.springframework.test.context.BootstrapUtils - Instantiating BootstrapContext using constructor [public org.springframework.test.context.support.DefaultBootstrapContext(java.lang.Class,org.springframework.test.context.CacheAwareContextLoaderDelegate)]
17:33:40.275 [Test worker] DEBUG org.springframework.test.context.BootstrapUtils - Instantiating TestContextBootstrapper for test class [com.kodilla.patterns2.facade.ShopServiceTestSuiteTest] from class [org.springframework.boot.test.context.SpringBootTestContextBootstrapper]
17:33:40.338 [Test worker] INFO org.springframework.boot.test.context.SpringBootTestContextBootstrapper - Neither @ContextConfiguration nor @ContextHierarchy found for test class [com.kodilla.patterns2.facade.ShopServiceTestSuiteTest], using SpringBootContextLoader
17:33:40.342 [Test worker] DEBUG org.springframework.test.context.support.AbstractContextLoader - Did not detect default resource location for test class [com.kodilla.patterns2.facade.ShopServiceTestSuiteTest]: class path resource [com/kodilla/patterns2/facade/ShopServiceTestSuiteTest-context.xml] does not exist
17:33:40.343 [Test worker] DEBUG org.springframework.test.context.support.AbstractContextLoader - Did not detect default resource location for test class [com.kodilla.patterns2.facade.ShopServiceTestSuiteTest]: class path resource [com/kodilla/patterns2/facade/ShopServiceTestSuiteTestContext.groovy] does not exist
17:33:40.343 [Test worker] INFO org.springframework.test.context.support.AbstractContextLoader - Could not detect default resource locations for test class [com.kodilla.patterns2.facade.ShopServiceTestSuiteTest]: no resource found for suffixes {-context.xml, Context.groovy}.
17:33:40.347 [Test worker] INFO org.springframework.test.context.support.AnnotationConfigContextLoaderUtils - Could not detect default configuration classes for test class [com.kodilla.patterns2.facade.ShopServiceTestSuiteTest]: ShopServiceTestSuiteTest does not declare any static, non-private, non-final, nested classes annotated with @Configuration.
17:33:40.478 [Test worker] DEBUG org.springframework.test.context.support.ActiveProfilesUtils - Could not find an 'annotation declaring class' for annotation type [org.springframework.test.context.ActiveProfiles] and class [com.kodilla.patterns2.facade.ShopServiceTestSuiteTest]
17:33:40.572 [Test worker] DEBUG org.springframework.context.annotation.ClassPathScanningCandidateComponentProvider - Identified candidate component class: file [/Users/JOTTGROUP/Development/michal-jedrzejczyk-kodilla-java/kodilla-patterns2/build/classes/java/main/com/kodilla/patterns2/KodillaPatterns2Application.class]
17:33:40.574 [Test worker] INFO org.springframework.boot.test.context.SpringBootTestContextBootstrapper - Found @SpringBootConfiguration com.kodilla.patterns2.KodillaPatterns2Application for test class com.kodilla.patterns2.facade.ShopServiceTestSuiteTest
17:33:40.760 [Test worker] DEBUG org.springframework.boot.test.context.SpringBootTestContextBootstrapper - @TestExecutionListeners is not present for class [com.kodilla.patterns2.facade.ShopServiceTestSuiteTest]: using defaults.
17:33:40.764 [Test worker] INFO org.springframework.boot.test.context.SpringBootTestContextBootstrapper - Loaded default TestExecutionListener class names from location [META-INF/spring.factories]: [org.springframework.boot.test.autoconfigure.restdocs.RestDocsTestExecutionListener, org.springframework.boot.test.autoconfigure.web.client.MockRestServiceServerResetTestExecutionListener, org.springframework.boot.test.autoconfigure.web.servlet.MockMvcPrintOnlyOnFailureTestExecutionListener, org.springframework.boot.test.autoconfigure.web.servlet.WebDriverTestExecutionListener, org.springframework.boot.test.autoconfigure.webservices.client.MockWebServiceServerTestExecutionListener, org.springframework.boot.test.mock.mockito.MockitoTestExecutionListener, org.springframework.boot.test.mock.mockito.ResetMocksTestExecutionListener, org.springframework.test.context.web.ServletTestExecutionListener, org.springframework.test.context.support.DirtiesContextBeforeModesTestExecutionListener, org.springframework.test.context.support.DependencyInjectionTestExecutionListener, org.springframework.test.context.support.DirtiesContextTestExecutionListener, org.springframework.test.context.transaction.TransactionalTestExecutionListener, org.springframework.test.context.jdbc.SqlScriptsTestExecutionListener, org.springframework.test.context.event.EventPublishingTestExecutionListener]
17:33:40.797 [Test worker] DEBUG org.springframework.boot.test.context.SpringBootTestContextBootstrapper - Skipping candidate TestExecutionListener [org.springframework.test.context.web.ServletTestExecutionListener] due to a missing dependency. Specify custom listener classes or make the default listener classes and their required dependencies available. Offending class: [javax/servlet/ServletContext]
17:33:40.799 [Test worker] DEBUG org.springframework.boot.test.context.SpringBootTestContextBootstrapper - Skipping candidate TestExecutionListener [org.springframework.test.context.transaction.TransactionalTestExecutionListener] due to a missing dependency. Specify custom listener classes or make the default listener classes and their required dependencies available. Offending class: [org/springframework/transaction/interceptor/TransactionAttributeSource]
17:33:40.801 [Test worker] DEBUG org.springframework.boot.test.context.SpringBootTestContextBootstrapper - Skipping candidate TestExecutionListener [org.springframework.test.context.jdbc.SqlScriptsTestExecutionListener] due to a missing dependency. Specify custom listener classes or make the default listener classes and their required dependencies available. Offending class: [org/springframework/transaction/interceptor/TransactionAttribute]
17:33:40.803 [Test worker] INFO org.springframework.boot.test.context.SpringBootTestContextBootstrapper - Using TestExecutionListeners: [org.springframework.test.context.support.DirtiesContextBeforeModesTestExecutionListener@65f06d23, org.springframework.boot.test.mock.mockito.MockitoTestExecutionListener@651970fe, org.springframework.boot.test.autoconfigure.SpringBootDependencyInjectionTestExecutionListener@7517ce0e, org.springframework.test.context.support.DirtiesContextTestExecutionListener@777a6b78, org.springframework.test.context.event.EventPublishingTestExecutionListener@110589c1, org.springframework.boot.test.autoconfigure.restdocs.RestDocsTestExecutionListener@3f35859f, org.springframework.boot.test.autoconfigure.web.client.MockRestServiceServerResetTestExecutionListener@74195bc9, org.springframework.boot.test.autoconfigure.web.servlet.MockMvcPrintOnlyOnFailureTestExecutionListener@509cdf99, org.springframework.boot.test.autoconfigure.web.servlet.WebDriverTestExecutionListener@6d6a0fca, org.springframework.boot.test.autoconfigure.webservices.client.MockWebServiceServerTestExecutionListener@7ee06685, org.springframework.boot.test.mock.mockito.ResetMocksTestExecutionListener@4099ad83]
17:33:40.808 [Test worker] DEBUG org.springframework.test.context.support.AbstractDirtiesContextTestExecutionListener - Before test class: context [DefaultTestContext@1e1b7e4a testClass = ShopServiceTestSuiteTest, testInstance = [null], testMethod = [null], testException = [null], mergedContextConfiguration = [MergedContextConfiguration@4bf756d4 testClass = ShopServiceTestSuiteTest, locations = '{}', classes = '{class com.kodilla.patterns2.KodillaPatterns2Application}', contextInitializerClasses = '[]', activeProfiles = '{}', propertySourceLocations = '{}', propertySourceProperties = '{org.springframework.boot.test.context.SpringBootTestContextBootstrapper=true}', contextCustomizers = set[org.springframework.boot.test.autoconfigure.properties.PropertyMappingContextCustomizer@0, org.springframework.boot.test.autoconfigure.web.servlet.WebDriverContextCustomizerFactory$Customizer@c82512, org.springframework.boot.test.context.filter.ExcludeFilterContextCustomizer@2151ca36, org.springframework.boot.test.json.DuplicateJsonObjectContextCustomizerFactory$DuplicateJsonObjectContextCustomizer@2e0e996d, org.springframework.boot.test.mock.mockito.MockitoContextCustomizer@0, org.springframework.boot.test.web.client.TestRestTemplateContextCustomizer@7749dc64, org.springframework.boot.test.context.SpringBootTestArgs@1], contextLoader = 'org.springframework.boot.test.context.SpringBootContextLoader', parent = [null]], attributes = map[[empty]]], class annotated with @DirtiesContext [false] with mode [null].
17:33:40.815 [Test worker] DEBUG org.springframework.test.context.support.DependencyInjectionTestExecutionListener - Performing dependency injection for test context [[DefaultTestContext@1e1b7e4a testClass = ShopServiceTestSuiteTest, testInstance = com.kodilla.patterns2.facade.ShopServiceTestSuiteTest@5b4059a, testMethod = [null], testException = [null], mergedContextConfiguration = [MergedContextConfiguration@4bf756d4 testClass = ShopServiceTestSuiteTest, locations = '{}', classes = '{class com.kodilla.patterns2.KodillaPatterns2Application}', contextInitializerClasses = '[]', activeProfiles = '{}', propertySourceLocations = '{}', propertySourceProperties = '{org.springframework.boot.test.context.SpringBootTestContextBootstrapper=true}', contextCustomizers = set[org.springframework.boot.test.autoconfigure.properties.PropertyMappingContextCustomizer@0, org.springframework.boot.test.autoconfigure.web.servlet.WebDriverContextCustomizerFactory$Customizer@c82512, org.springframework.boot.test.context.filter.ExcludeFilterContextCustomizer@2151ca36, org.springframework.boot.test.json.DuplicateJsonObjectContextCustomizerFactory$DuplicateJsonObjectContextCustomizer@2e0e996d, org.springframework.boot.test.mock.mockito.MockitoContextCustomizer@0, org.springframework.boot.test.web.client.TestRestTemplateContextCustomizer@7749dc64, org.springframework.boot.test.context.SpringBootTestArgs@1], contextLoader = 'org.springframework.boot.test.context.SpringBootContextLoader', parent = [null]], attributes = map[[empty]]]].
17:33:40.839 [Test worker] DEBUG org.springframework.test.context.support.TestPropertySourceUtils - Adding inlined properties to environment: {spring.jmx.enabled=false, org.springframework.boot.test.context.SpringBootTestContextBootstrapper=true}

  .   ____          _            __ _ _
 /\\ / ___'_ __ _ _(_)_ __  __ _ \ \ \ \
( ( )\___ | '_ | '_| | '_ \/ _` | \ \ \ \
 \\/  ___)| |_)| | | | | || (_| |  ) ) ) )
  '  |____| .__|_| |_|_| |_\__, | / / / /
 =========|_|==============|___/=/_/_/_/
 :: Spring Boot ::        (v2.3.3.RELEASE)

2020-09-08 17:33:41.323  INFO 12458 --- [    Test worker] c.k.p.facade.ShopServiceTestSuiteTest    : Starting ShopServiceTestSuiteTest on MJott.local with PID 12458 (started by JOTTGROUP in /Users/JOTTGROUP/Development/michal-jedrzejczyk-kodilla-java/kodilla-patterns2)
2020-09-08 17:33:41.325  INFO 12458 --- [    Test worker] c.k.p.facade.ShopServiceTestSuiteTest    : No active profile set, falling back to default profiles: default
2020-09-08 17:33:42.457  INFO 12458 --- [    Test worker] c.k.p.facade.ShopServiceTestSuiteTest    : Started ShopServiceTestSuiteTest in 1.608 seconds (JVM running for 4.223)
Registering new order, ID: 1
Adding item: 10, 2 pcs
Adding item: 216, 1 pcs
Adding item: 25, 1 pcs
Adding item: 100, 2.5 pcs
Adding item: 11, 3 pcs
Item 100 was deleted from order
Order value is: 0 USD
Payment was rejected
Order cannot be submitted
Order not submitted - cancelling
Order is cancelled
2020-09-08 17:33:43.399  INFO 12458 --- [    Test worker] c.k.p.facade.api.OrderFacadeWatcher      : Starting the Ordering Process..  
2020-09-08 17:33:43.413  INFO 12458 --- [    Test worker] c.k.patterns2.facade.api.OrderFacade     : Registering new order, ID: 1
2020-09-08 17:33:43.413  INFO 12458 --- [    Test worker] c.k.patterns2.facade.api.OrderFacade     : Adding item 10, 2.0 pcs
2020-09-08 17:33:43.413  INFO 12458 --- [    Test worker] c.k.patterns2.facade.api.OrderFacade     : Adding item 216, 1.0 pcs
2020-09-08 17:33:43.414  INFO 12458 --- [    Test worker] c.k.patterns2.facade.api.OrderFacade     : Adding item 25, 1.0 pcs
2020-09-08 17:33:43.414  INFO 12458 --- [    Test worker] c.k.patterns2.facade.api.OrderFacade     : Adding item 11, 3.0 pcs
2020-09-08 17:33:43.414  INFO 12458 --- [    Test worker] c.k.patterns2.facade.api.OrderFacade     : Order value is 0 USD
2020-09-08 17:33:43.415  INFO 12458 --- [    Test worker] c.k.patterns2.facade.api.OrderFacade     : Payment for order was done
2020-09-08 17:33:43.415 ERROR 12458 --- [    Test worker] c.k.patterns2.facade.api.OrderFacade     : Verification error
2020-09-08 17:33:43.415  INFO 12458 --- [    Test worker] c.k.patterns2.facade.api.OrderFacade     : Cancelling order 1
2020-09-08 17:33:43.416 ERROR 12458 --- [    Test worker] c.k.p.facade.api.OrderFacadeWatcher      : Verification error
]]></system-out>
  <system-err><![CDATA[]]></system-err>
</testsuite>
