<?xml version="1.0" encoding="UTF-8"?>
<testsuite name="com.kodilla.patterns2.facade.ShopServiceTestSuiteTest" tests="2" skipped="0" failures="0" errors="0" timestamp="2020-09-06T12:00:11" hostname="MJott.local" time="0.935">
  <properties/>
  <testcase name="testShopServiceSubmitOrder()" classname="com.kodilla.patterns2.facade.ShopServiceTestSuiteTest" time="0.915"/>
  <testcase name="testShopFacade()" classname="com.kodilla.patterns2.facade.ShopServiceTestSuiteTest" time="0.017"/>
  <system-out><![CDATA[14:00:09.709 [Test worker] DEBUG org.springframework.test.context.BootstrapUtils - Instantiating CacheAwareContextLoaderDelegate from class [org.springframework.test.context.cache.DefaultCacheAwareContextLoaderDelegate]
14:00:09.725 [Test worker] DEBUG org.springframework.test.context.BootstrapUtils - Instantiating BootstrapContext using constructor [public org.springframework.test.context.support.DefaultBootstrapContext(java.lang.Class,org.springframework.test.context.CacheAwareContextLoaderDelegate)]
14:00:09.762 [Test worker] DEBUG org.springframework.test.context.BootstrapUtils - Instantiating TestContextBootstrapper for test class [com.kodilla.patterns2.facade.ShopServiceTestSuiteTest] from class [org.springframework.boot.test.context.SpringBootTestContextBootstrapper]
14:00:09.817 [Test worker] INFO org.springframework.boot.test.context.SpringBootTestContextBootstrapper - Neither @ContextConfiguration nor @ContextHierarchy found for test class [com.kodilla.patterns2.facade.ShopServiceTestSuiteTest], using SpringBootContextLoader
14:00:09.823 [Test worker] DEBUG org.springframework.test.context.support.AbstractContextLoader - Did not detect default resource location for test class [com.kodilla.patterns2.facade.ShopServiceTestSuiteTest]: class path resource [com/kodilla/patterns2/facade/ShopServiceTestSuiteTest-context.xml] does not exist
14:00:09.824 [Test worker] DEBUG org.springframework.test.context.support.AbstractContextLoader - Did not detect default resource location for test class [com.kodilla.patterns2.facade.ShopServiceTestSuiteTest]: class path resource [com/kodilla/patterns2/facade/ShopServiceTestSuiteTestContext.groovy] does not exist
14:00:09.824 [Test worker] INFO org.springframework.test.context.support.AbstractContextLoader - Could not detect default resource locations for test class [com.kodilla.patterns2.facade.ShopServiceTestSuiteTest]: no resource found for suffixes {-context.xml, Context.groovy}.
14:00:09.828 [Test worker] INFO org.springframework.test.context.support.AnnotationConfigContextLoaderUtils - Could not detect default configuration classes for test class [com.kodilla.patterns2.facade.ShopServiceTestSuiteTest]: ShopServiceTestSuiteTest does not declare any static, non-private, non-final, nested classes annotated with @Configuration.
14:00:09.962 [Test worker] DEBUG org.springframework.test.context.support.ActiveProfilesUtils - Could not find an 'annotation declaring class' for annotation type [org.springframework.test.context.ActiveProfiles] and class [com.kodilla.patterns2.facade.ShopServiceTestSuiteTest]
14:00:10.056 [Test worker] DEBUG org.springframework.context.annotation.ClassPathScanningCandidateComponentProvider - Identified candidate component class: file [/Users/JOTTGROUP/Development/michal-jedrzejczyk-kodilla-java/kodilla-patterns2/build/classes/java/main/com/kodilla/patterns2/KodillaPatterns2Application.class]
14:00:10.058 [Test worker] INFO org.springframework.boot.test.context.SpringBootTestContextBootstrapper - Found @SpringBootConfiguration com.kodilla.patterns2.KodillaPatterns2Application for test class com.kodilla.patterns2.facade.ShopServiceTestSuiteTest
14:00:10.203 [Test worker] DEBUG org.springframework.boot.test.context.SpringBootTestContextBootstrapper - @TestExecutionListeners is not present for class [com.kodilla.patterns2.facade.ShopServiceTestSuiteTest]: using defaults.
14:00:10.206 [Test worker] INFO org.springframework.boot.test.context.SpringBootTestContextBootstrapper - Loaded default TestExecutionListener class names from location [META-INF/spring.factories]: [org.springframework.boot.test.autoconfigure.restdocs.RestDocsTestExecutionListener, org.springframework.boot.test.autoconfigure.web.client.MockRestServiceServerResetTestExecutionListener, org.springframework.boot.test.autoconfigure.web.servlet.MockMvcPrintOnlyOnFailureTestExecutionListener, org.springframework.boot.test.autoconfigure.web.servlet.WebDriverTestExecutionListener, org.springframework.boot.test.autoconfigure.webservices.client.MockWebServiceServerTestExecutionListener, org.springframework.boot.test.mock.mockito.MockitoTestExecutionListener, org.springframework.boot.test.mock.mockito.ResetMocksTestExecutionListener, org.springframework.test.context.web.ServletTestExecutionListener, org.springframework.test.context.support.DirtiesContextBeforeModesTestExecutionListener, org.springframework.test.context.support.DependencyInjectionTestExecutionListener, org.springframework.test.context.support.DirtiesContextTestExecutionListener, org.springframework.test.context.transaction.TransactionalTestExecutionListener, org.springframework.test.context.jdbc.SqlScriptsTestExecutionListener, org.springframework.test.context.event.EventPublishingTestExecutionListener]
14:00:10.240 [Test worker] DEBUG org.springframework.boot.test.context.SpringBootTestContextBootstrapper - Skipping candidate TestExecutionListener [org.springframework.test.context.web.ServletTestExecutionListener] due to a missing dependency. Specify custom listener classes or make the default listener classes and their required dependencies available. Offending class: [javax/servlet/ServletContext]
14:00:10.242 [Test worker] DEBUG org.springframework.boot.test.context.SpringBootTestContextBootstrapper - Skipping candidate TestExecutionListener [org.springframework.test.context.transaction.TransactionalTestExecutionListener] due to a missing dependency. Specify custom listener classes or make the default listener classes and their required dependencies available. Offending class: [org/springframework/transaction/interceptor/TransactionAttributeSource]
14:00:10.243 [Test worker] DEBUG org.springframework.boot.test.context.SpringBootTestContextBootstrapper - Skipping candidate TestExecutionListener [org.springframework.test.context.jdbc.SqlScriptsTestExecutionListener] due to a missing dependency. Specify custom listener classes or make the default listener classes and their required dependencies available. Offending class: [org/springframework/transaction/interceptor/TransactionAttribute]
14:00:10.244 [Test worker] INFO org.springframework.boot.test.context.SpringBootTestContextBootstrapper - Using TestExecutionListeners: [org.springframework.test.context.support.DirtiesContextBeforeModesTestExecutionListener@6f327b64, org.springframework.boot.test.mock.mockito.MockitoTestExecutionListener@2735cbb7, org.springframework.boot.test.autoconfigure.SpringBootDependencyInjectionTestExecutionListener@6776fb8d, org.springframework.test.context.support.DirtiesContextTestExecutionListener@1d992227, org.springframework.test.context.event.EventPublishingTestExecutionListener@610c93ab, org.springframework.boot.test.autoconfigure.restdocs.RestDocsTestExecutionListener@686d844e, org.springframework.boot.test.autoconfigure.web.client.MockRestServiceServerResetTestExecutionListener@3897b05d, org.springframework.boot.test.autoconfigure.web.servlet.MockMvcPrintOnlyOnFailureTestExecutionListener@6ccb2572, org.springframework.boot.test.autoconfigure.web.servlet.WebDriverTestExecutionListener@695f628b, org.springframework.boot.test.autoconfigure.webservices.client.MockWebServiceServerTestExecutionListener@6d14c41a, org.springframework.boot.test.mock.mockito.ResetMocksTestExecutionListener@688494bd]
14:00:10.250 [Test worker] DEBUG org.springframework.test.context.support.AbstractDirtiesContextTestExecutionListener - Before test class: context [DefaultTestContext@6601aff2 testClass = ShopServiceTestSuiteTest, testInstance = [null], testMethod = [null], testException = [null], mergedContextConfiguration = [MergedContextConfiguration@f008490 testClass = ShopServiceTestSuiteTest, locations = '{}', classes = '{class com.kodilla.patterns2.KodillaPatterns2Application}', contextInitializerClasses = '[]', activeProfiles = '{}', propertySourceLocations = '{}', propertySourceProperties = '{org.springframework.boot.test.context.SpringBootTestContextBootstrapper=true}', contextCustomizers = set[org.springframework.boot.test.autoconfigure.properties.PropertyMappingContextCustomizer@0, org.springframework.boot.test.autoconfigure.web.servlet.WebDriverContextCustomizerFactory$Customizer@11280d83, org.springframework.boot.test.context.filter.ExcludeFilterContextCustomizer@1d0d23e1, org.springframework.boot.test.json.DuplicateJsonObjectContextCustomizerFactory$DuplicateJsonObjectContextCustomizer@2c23b404, org.springframework.boot.test.mock.mockito.MockitoContextCustomizer@0, org.springframework.boot.test.web.client.TestRestTemplateContextCustomizer@3cf17c59, org.springframework.boot.test.context.SpringBootTestArgs@1], contextLoader = 'org.springframework.boot.test.context.SpringBootContextLoader', parent = [null]], attributes = map[[empty]]], class annotated with @DirtiesContext [false] with mode [null].
14:00:10.265 [Test worker] DEBUG org.springframework.test.context.support.DependencyInjectionTestExecutionListener - Performing dependency injection for test context [[DefaultTestContext@6601aff2 testClass = ShopServiceTestSuiteTest, testInstance = com.kodilla.patterns2.facade.ShopServiceTestSuiteTest@466ac8e1, testMethod = [null], testException = [null], mergedContextConfiguration = [MergedContextConfiguration@f008490 testClass = ShopServiceTestSuiteTest, locations = '{}', classes = '{class com.kodilla.patterns2.KodillaPatterns2Application}', contextInitializerClasses = '[]', activeProfiles = '{}', propertySourceLocations = '{}', propertySourceProperties = '{org.springframework.boot.test.context.SpringBootTestContextBootstrapper=true}', contextCustomizers = set[org.springframework.boot.test.autoconfigure.properties.PropertyMappingContextCustomizer@0, org.springframework.boot.test.autoconfigure.web.servlet.WebDriverContextCustomizerFactory$Customizer@11280d83, org.springframework.boot.test.context.filter.ExcludeFilterContextCustomizer@1d0d23e1, org.springframework.boot.test.json.DuplicateJsonObjectContextCustomizerFactory$DuplicateJsonObjectContextCustomizer@2c23b404, org.springframework.boot.test.mock.mockito.MockitoContextCustomizer@0, org.springframework.boot.test.web.client.TestRestTemplateContextCustomizer@3cf17c59, org.springframework.boot.test.context.SpringBootTestArgs@1], contextLoader = 'org.springframework.boot.test.context.SpringBootContextLoader', parent = [null]], attributes = map[[empty]]]].
14:00:10.296 [Test worker] DEBUG org.springframework.test.context.support.TestPropertySourceUtils - Adding inlined properties to environment: {spring.jmx.enabled=false, org.springframework.boot.test.context.SpringBootTestContextBootstrapper=true}

  .   ____          _            __ _ _
 /\\ / ___'_ __ _ _(_)_ __  __ _ \ \ \ \
( ( )\___ | '_ | '_| | '_ \/ _` | \ \ \ \
 \\/  ___)| |_)| | | | | || (_| |  ) ) ) )
  '  |____| .__|_| |_|_| |_\__, | / / / /
 =========|_|==============|___/=/_/_/_/
 :: Spring Boot ::        (v2.3.3.RELEASE)

2020-09-06 14:00:10.598  INFO 5778 --- [    Test worker] c.k.p.facade.ShopServiceTestSuiteTest    : Starting ShopServiceTestSuiteTest on MJott.local with PID 5778 (started by JOTTGROUP in /Users/JOTTGROUP/Development/michal-jedrzejczyk-kodilla-java/kodilla-patterns2)
2020-09-06 14:00:10.600  INFO 5778 --- [    Test worker] c.k.p.facade.ShopServiceTestSuiteTest    : No active profile set, falling back to default profiles: default
2020-09-06 14:00:11.346  INFO 5778 --- [    Test worker] c.k.p.facade.ShopServiceTestSuiteTest    : Started ShopServiceTestSuiteTest in 1.044 seconds (JVM running for 3.042)
Registering new order, ID: -1
Access denied. User is not authenticated.
2020-09-06 14:00:12.278  INFO 5778 --- [    Test worker] c.k.patterns2.facade.api.OrderFacade     : Registering new order, ID1
2020-09-06 14:00:12.279  INFO 5778 --- [    Test worker] c.k.patterns2.facade.api.OrderFacade     : Addig item10, 2.0 psc
2020-09-06 14:00:12.282  INFO 5778 --- [    Test worker] c.k.patterns2.facade.api.OrderFacade     : Addig item216, 1.0 psc
2020-09-06 14:00:12.283  INFO 5778 --- [    Test worker] c.k.patterns2.facade.api.OrderFacade     : Addig item25, 1.0 psc
2020-09-06 14:00:12.283  INFO 5778 --- [    Test worker] c.k.patterns2.facade.api.OrderFacade     : Addig item11, 3.0 psc
2020-09-06 14:00:12.285  INFO 5778 --- [    Test worker] c.k.patterns2.facade.api.OrderFacade     : Order value is: 0 USD
2020-09-06 14:00:12.286  INFO 5778 --- [    Test worker] c.k.patterns2.facade.api.OrderFacade     : Order is ready to submit
2020-09-06 14:00:12.287  INFO 5778 --- [    Test worker] c.k.patterns2.facade.api.OrderFacade     : Order1submitted
]]></system-out>
  <system-err><![CDATA[]]></system-err>
</testsuite>
