<?xml version="1.0" encoding="UTF-8"?>
<testsuite name="com.kodilla.patterns2.decorator.taxiportal.TaxiOrderTestSuite" tests="10" skipped="0" failures="0" errors="0" timestamp="2020-09-08T15:33:39" hostname="MJott.local" time="0.084">
  <properties/>
  <testcase name="testUberWithTwoChildSeatsGetCost()" classname="com.kodilla.patterns2.decorator.taxiportal.TaxiOrderTestSuite" time="0.051"/>
  <testcase name="testVipTaxiWithChildSeatExpressGetCost()" classname="com.kodilla.patterns2.decorator.taxiportal.TaxiOrderTestSuite" time="0.009"/>
  <testcase name="testMyTaxiWithChildSeatGetCost()" classname="com.kodilla.patterns2.decorator.taxiportal.TaxiOrderTestSuite" time="0.004"/>
  <testcase name="testBasicTaxiOrderGetCost()" classname="com.kodilla.patterns2.decorator.taxiportal.TaxiOrderTestSuite" time="0.001"/>
  <testcase name="testMyTaxiWithChildSeatGetDescription()" classname="com.kodilla.patterns2.decorator.taxiportal.TaxiOrderTestSuite" time="0.001"/>
  <testcase name="testVipTaxiWithChildSeatExpressGetDescription()" classname="com.kodilla.patterns2.decorator.taxiportal.TaxiOrderTestSuite" time="0.002"/>
  <testcase name="testTaxiNetworkGetDescription()" classname="com.kodilla.patterns2.decorator.taxiportal.TaxiOrderTestSuite" time="0.002"/>
  <testcase name="testTaxiNetworkGetCost()" classname="com.kodilla.patterns2.decorator.taxiportal.TaxiOrderTestSuite" time="0.001"/>
  <testcase name="testUberWithTwoChildSeatsGetDescription()" classname="com.kodilla.patterns2.decorator.taxiportal.TaxiOrderTestSuite" time="0.001"/>
  <testcase name="testBasicOrderGetDescription()" classname="com.kodilla.patterns2.decorator.taxiportal.TaxiOrderTestSuite" time="0.001"/>
  <system-out><![CDATA[52
Drive a course by Taxi Network variant VIP + child seat
]]></system-out>
  <system-err><![CDATA[]]></system-err>
</testsuite>
